<?xml version="1.0" encoding="UTF-8"?>
<!-- Generated by org.testng.reporters.JUnitXMLReporter -->
<testsuite ignored="0" hostname="DESKTOP-1NA3L2F" failures="0" tests="3" name="Default test" time="22.186" errors="0" timestamp="2022-11-02T19:59:39 IST">
  <testcase classname="module1_TestClass.Pushpa_The_Rise_IMDB_TestClass" name="IMDB_Home_Page" time="0.111"/>
  <testcase classname="module1_TestClass.Pushpa_The_Rise_IMDB_TestClass" name="verifyPushpa_the_rise_IMDB_CountryOfOrigin" time="1.986"/>
  <testcase classname="module1_TestClass.Pushpa_The_Rise_IMDB_TestClass" name="verifyPushpa_the_rise_IMDB_ReleseDate" time="0.118"/>
</testsuite> <!-- Default test -->
